<?xml version="1.0" encoding="UTF-8" ?>
<testsuite errors="2" failures="2" hostname="ubuntu" name="Thalia.testCases" skipped="0" tests="23" time="0.053" timestamp="2017-11-29T16:55:53">
  <properties>
[...]
</properties>
  <testcase classname="Thalia.testCases" name="test_createSeating" time="0.003" />
  <testcase classname="Thalia.testCases" name="test_getSectionDetail" time="0.0" />
  <testcase classname="Thalia.testCases" name="test_createOrder" time="0.0" />
  <testcase classname="Thalia.testCases" name="test_getAllOrders" time="0.0" />
  <testcase classname="Thalia.testCases" name="test_getOrderDetail" time="0.001" />
  <testcase classname="Thalia.testCases" name="test_createTicket" time="0.0" />
  <testcase classname="Thalia.testCases" name="test_getAllTickets" time="0.001" />
  <testcase classname="Thalia.testCases" name="test_autoShows" time="0.003">
    <error type="java.lang.NullPointerException">java.lang.NullPointerException
	at Thalia.testCases.test_autoShows(testCases.java:270)
</error>
  </testcase>
  <testcase classname="Thalia.testCases" name="test_createSub" time="0.0" />
  <testcase classname="Thalia.testCases" name="test_initTheater" time="0.001" />
  <testcase classname="Thalia.testCases" name="test_nullShow" time="0.0" />
  <testcase classname="Thalia.testCases" name="test_nullOrder" time="0.0" />
  <testcase classname="Thalia.testCases" name="test_nullSection" time="0.0" />
  <testcase classname="Thalia.testCases" name="test_nullTicket" time="0.0" />
  <testcase classname="Thalia.testCases" name="test_nullSubD" time="0.001" />
  <testcase classname="Thalia.testCases" name="test_createShow" time="0.001" />
  <testcase classname="Thalia.testCases" name="test_getShowDetail" time="0.0">
    <error type="java.lang.NullPointerException">java.lang.NullPointerException
	at Thalia.testCases.test_getShowDetail(testCases.java:155)
</error>
  </testcase>
  <testcase classname="Thalia.testCases" name="test_getAllShows" time="0.0">
    <failure type="junit.framework.AssertionFailedError">junit.framework.AssertionFailedError: 
	at Thalia.testCases.test_getAllShows(testCases.java:163)
</failure>
  </testcase>
  <testcase classname="Thalia.testCases" name="test_getSpecificSection" time="0.001">
    <failure type="junit.framework.AssertionFailedError">junit.framework.AssertionFailedError: 
	at Thalia.testCases.test_getSpecificSection(testCases.java:171)
</failure>
  </testcase>
  <testcase classname="Thalia.testCases" name="nullSectons" time="0.0" />
  <testcase classname="Thalia.testCases" name="test_createSections" time="0.0" />
  <testcase classname="Thalia.testCases" name="test_getAllSections" time="0.0" />
  <testcase classname="Thalia.testCases" name="test_createSeats" time="0.0" />
  <system-out><![CDATA[]]></system-out>
  <system-err><![CDATA[]]></system-err>
</testsuite>
